<?xml version="1.0" encoding="UTF-8"?>
<testsuite name="com.rodrigo.dummymigrationliquibase.api.controller.RequisicaoControllerTest" tests="1" skipped="0" failures="0" errors="0" timestamp="2022-03-21T17:02:12" hostname="DESKTOP-T153QP1" time="0.477">
  <properties/>
  <testcase name="teste()" classname="com.rodrigo.dummymigrationliquibase.api.controller.RequisicaoControllerTest" time="0.477"/>
  <system-out><![CDATA[14:02:08.331 [Test worker] DEBUG org.springframework.test.context.BootstrapUtils - Instantiating CacheAwareContextLoaderDelegate from class [org.springframework.test.context.cache.DefaultCacheAwareContextLoaderDelegate]
14:02:08.340 [Test worker] DEBUG org.springframework.test.context.BootstrapUtils - Instantiating BootstrapContext using constructor [public org.springframework.test.context.support.DefaultBootstrapContext(java.lang.Class,org.springframework.test.context.CacheAwareContextLoaderDelegate)]
14:02:08.360 [Test worker] DEBUG org.springframework.test.context.BootstrapUtils - Instantiating TestContextBootstrapper for test class [com.rodrigo.dummymigrationliquibase.api.controller.RequisicaoControllerTest] from class [org.springframework.boot.test.context.SpringBootTestContextBootstrapper]
14:02:08.372 [Test worker] INFO org.springframework.boot.test.context.SpringBootTestContextBootstrapper - Neither @ContextConfiguration nor @ContextHierarchy found for test class [com.rodrigo.dummymigrationliquibase.api.controller.RequisicaoControllerTest], using SpringBootContextLoader
14:02:08.375 [Test worker] DEBUG org.springframework.test.context.support.AbstractContextLoader - Did not detect default resource location for test class [com.rodrigo.dummymigrationliquibase.api.controller.RequisicaoControllerTest]: class path resource [com/rodrigo/dummymigrationliquibase/api/controller/RequisicaoControllerTest-context.xml] does not exist
14:02:08.375 [Test worker] DEBUG org.springframework.test.context.support.AbstractContextLoader - Did not detect default resource location for test class [com.rodrigo.dummymigrationliquibase.api.controller.RequisicaoControllerTest]: class path resource [com/rodrigo/dummymigrationliquibase/api/controller/RequisicaoControllerTestContext.groovy] does not exist
14:02:08.376 [Test worker] INFO org.springframework.test.context.support.AbstractContextLoader - Could not detect default resource locations for test class [com.rodrigo.dummymigrationliquibase.api.controller.RequisicaoControllerTest]: no resource found for suffixes {-context.xml, Context.groovy}.
14:02:08.376 [Test worker] INFO org.springframework.test.context.support.AnnotationConfigContextLoaderUtils - Could not detect default configuration classes for test class [com.rodrigo.dummymigrationliquibase.api.controller.RequisicaoControllerTest]: RequisicaoControllerTest does not declare any static, non-private, non-final, nested classes annotated with @Configuration.
14:02:08.410 [Test worker] DEBUG org.springframework.test.context.support.ActiveProfilesUtils - Could not find an 'annotation declaring class' for annotation type [org.springframework.test.context.ActiveProfiles] and class [com.rodrigo.dummymigrationliquibase.api.controller.RequisicaoControllerTest]
14:02:08.458 [Test worker] DEBUG org.springframework.context.annotation.ClassPathScanningCandidateComponentProvider - Identified candidate component class: file [C:\Users\Rodrigo\Documents\projetos\pessoais\java\dummy-migration-liquibase\build\classes\java\main\com\rodrigo\dummymigrationliquibase\DummyMigrationLiquibaseApplication.class]
14:02:08.459 [Test worker] INFO org.springframework.boot.test.context.SpringBootTestContextBootstrapper - Found @SpringBootConfiguration com.rodrigo.dummymigrationliquibase.DummyMigrationLiquibaseApplication for test class com.rodrigo.dummymigrationliquibase.api.controller.RequisicaoControllerTest
14:02:08.525 [Test worker] DEBUG org.springframework.boot.test.context.SpringBootTestContextBootstrapper - @TestExecutionListeners is not present for class [com.rodrigo.dummymigrationliquibase.api.controller.RequisicaoControllerTest]: using defaults.
14:02:08.525 [Test worker] INFO org.springframework.boot.test.context.SpringBootTestContextBootstrapper - Loaded default TestExecutionListener class names from location [META-INF/spring.factories]: [org.springframework.test.context.web.ServletTestExecutionListener, org.springframework.test.context.support.DirtiesContextBeforeModesTestExecutionListener, org.springframework.test.context.support.DependencyInjectionTestExecutionListener, org.springframework.test.context.support.DirtiesContextTestExecutionListener, org.springframework.test.context.transaction.TransactionalTestExecutionListener, org.springframework.test.context.jdbc.SqlScriptsTestExecutionListener, org.springframework.test.context.event.EventPublishingTestExecutionListener, org.springframework.boot.test.autoconfigure.restdocs.RestDocsTestExecutionListener, org.springframework.boot.test.autoconfigure.web.client.MockRestServiceServerResetTestExecutionListener, org.springframework.boot.test.autoconfigure.web.servlet.MockMvcPrintOnlyOnFailureTestExecutionListener, org.springframework.boot.test.autoconfigure.web.servlet.WebDriverTestExecutionListener, org.springframework.boot.test.mock.mockito.MockitoTestExecutionListener, org.springframework.boot.test.mock.mockito.ResetMocksTestExecutionListener]
14:02:08.537 [Test worker] INFO org.springframework.boot.test.context.SpringBootTestContextBootstrapper - Using TestExecutionListeners: [org.springframework.test.context.web.ServletTestExecutionListener@793902c2, org.springframework.test.context.support.DirtiesContextBeforeModesTestExecutionListener@7f5f95fc, org.springframework.boot.test.mock.mockito.MockitoTestExecutionListener@36deb7bc, org.springframework.boot.test.autoconfigure.SpringBootDependencyInjectionTestExecutionListener@2bbcd1d9, org.springframework.test.context.support.DirtiesContextTestExecutionListener@1aa2f97e, org.springframework.test.context.transaction.TransactionalTestExecutionListener@19d16fa3, org.springframework.test.context.jdbc.SqlScriptsTestExecutionListener@5af15872, org.springframework.test.context.event.EventPublishingTestExecutionListener@178e78ec, org.springframework.boot.test.autoconfigure.restdocs.RestDocsTestExecutionListener@1a6a1a6a, org.springframework.boot.test.autoconfigure.web.client.MockRestServiceServerResetTestExecutionListener@854d2f3, org.springframework.boot.test.autoconfigure.web.servlet.MockMvcPrintOnlyOnFailureTestExecutionListener@58b62943, org.springframework.boot.test.autoconfigure.web.servlet.WebDriverTestExecutionListener@3c9b63a1, org.springframework.boot.test.mock.mockito.ResetMocksTestExecutionListener@76e88712]
14:02:08.539 [Test worker] DEBUG org.springframework.test.context.support.AbstractDirtiesContextTestExecutionListener - Before test class: context [DefaultTestContext@4ba2e7b8 testClass = RequisicaoControllerTest, testInstance = [null], testMethod = [null], testException = [null], mergedContextConfiguration = [WebMergedContextConfiguration@53d9e7c0 testClass = RequisicaoControllerTest, locations = '{}', classes = '{class com.rodrigo.dummymigrationliquibase.DummyMigrationLiquibaseApplication}', contextInitializerClasses = '[]', activeProfiles = '{}', propertySourceLocations = '{classpath:/application.properties}', propertySourceProperties = '{org.springframework.boot.test.context.SpringBootTestContextBootstrapper=true, server.port=0}', contextCustomizers = set[org.springframework.boot.test.autoconfigure.properties.PropertyMappingContextCustomizer@4b3fa0b3, org.springframework.boot.test.autoconfigure.web.servlet.WebDriverContextCustomizerFactory$Customizer@46d988e2, [ImportsContextCustomizer@72696621 key = [org.springframework.boot.test.autoconfigure.web.servlet.MockMvcAutoConfiguration, org.springframework.boot.test.autoconfigure.web.servlet.MockMvcWebClientAutoConfiguration, org.springframework.boot.test.autoconfigure.web.servlet.MockMvcWebDriverAutoConfiguration, org.springframework.boot.autoconfigure.security.servlet.SecurityAutoConfiguration, org.springframework.boot.autoconfigure.security.servlet.UserDetailsServiceAutoConfiguration, org.springframework.boot.test.autoconfigure.web.servlet.MockMvcSecurityConfiguration]], org.springframework.boot.test.context.filter.ExcludeFilterContextCustomizer@3581c26c, org.springframework.boot.test.json.DuplicateJsonObjectContextCustomizerFactory$DuplicateJsonObjectContextCustomizer@5511ad7d, org.springframework.boot.test.mock.mockito.MockitoContextCustomizer@0, org.springframework.boot.test.web.client.TestRestTemplateContextCustomizer@1a16378d], resourceBasePath = 'src/main/webapp', contextLoader = 'org.springframework.boot.test.context.SpringBootContextLoader', parent = [null]], attributes = map['org.springframework.test.context.web.ServletTestExecutionListener.activateListener' -> false]], class annotated with @DirtiesContext [false] with mode [null].
14:02:08.546 [Test worker] DEBUG org.springframework.test.context.support.DependencyInjectionTestExecutionListener - Performing dependency injection for test context [[DefaultTestContext@4ba2e7b8 testClass = RequisicaoControllerTest, testInstance = com.rodrigo.dummymigrationliquibase.api.controller.RequisicaoControllerTest@5b3af6cb, testMethod = [null], testException = [null], mergedContextConfiguration = [WebMergedContextConfiguration@53d9e7c0 testClass = RequisicaoControllerTest, locations = '{}', classes = '{class com.rodrigo.dummymigrationliquibase.DummyMigrationLiquibaseApplication}', contextInitializerClasses = '[]', activeProfiles = '{}', propertySourceLocations = '{classpath:/application.properties}', propertySourceProperties = '{org.springframework.boot.test.context.SpringBootTestContextBootstrapper=true, server.port=0}', contextCustomizers = set[org.springframework.boot.test.autoconfigure.properties.PropertyMappingContextCustomizer@4b3fa0b3, org.springframework.boot.test.autoconfigure.web.servlet.WebDriverContextCustomizerFactory$Customizer@46d988e2, [ImportsContextCustomizer@72696621 key = [org.springframework.boot.test.autoconfigure.web.servlet.MockMvcAutoConfiguration, org.springframework.boot.test.autoconfigure.web.servlet.MockMvcWebClientAutoConfiguration, org.springframework.boot.test.autoconfigure.web.servlet.MockMvcWebDriverAutoConfiguration, org.springframework.boot.autoconfigure.security.servlet.SecurityAutoConfiguration, org.springframework.boot.autoconfigure.security.servlet.UserDetailsServiceAutoConfiguration, org.springframework.boot.test.autoconfigure.web.servlet.MockMvcSecurityConfiguration]], org.springframework.boot.test.context.filter.ExcludeFilterContextCustomizer@3581c26c, org.springframework.boot.test.json.DuplicateJsonObjectContextCustomizerFactory$DuplicateJsonObjectContextCustomizer@5511ad7d, org.springframework.boot.test.mock.mockito.MockitoContextCustomizer@0, org.springframework.boot.test.web.client.TestRestTemplateContextCustomizer@1a16378d], resourceBasePath = 'src/main/webapp', contextLoader = 'org.springframework.boot.test.context.SpringBootContextLoader', parent = [null]], attributes = map['org.springframework.test.context.web.ServletTestExecutionListener.activateListener' -> false]]].
14:02:08.561 [Test worker] DEBUG org.springframework.test.context.support.TestPropertySourceUtils - Adding inlined properties to environment: {spring.jmx.enabled=false, org.springframework.boot.test.context.SpringBootTestContextBootstrapper=true, server.port=0}

  .   ____          _            __ _ _
 /\\ / ___'_ __ _ _(_)_ __  __ _ \ \ \ \
( ( )\___ | '_ | '_| | '_ \/ _` | \ \ \ \
 \\/  ___)| |_)| | | | | || (_| |  ) ) ) )
  '  |____| .__|_| |_|_| |_\__, | / / / /
 =========|_|==============|___/=/_/_/_/
 :: Spring Boot ::        (v2.2.5.RELEASE)

2022-03-21 14:02:08.838  INFO 28680 --- [    Test worker] c.r.d.a.c.RequisicaoControllerTest       : Starting RequisicaoControllerTest on DESKTOP-T153QP1 with PID 28680 (started by Rodrigo in C:\Users\Rodrigo\Documents\projetos\pessoais\java\dummy-migration-liquibase)
2022-03-21 14:02:08.839  INFO 28680 --- [    Test worker] c.r.d.a.c.RequisicaoControllerTest       : The following profiles are active: local
2022-03-21 14:02:09.323  INFO 28680 --- [    Test worker] .s.d.r.c.RepositoryConfigurationDelegate : Bootstrapping Spring Data JDBC repositories in DEFAULT mode.
2022-03-21 14:02:09.336  INFO 28680 --- [    Test worker] .s.d.r.c.RepositoryConfigurationDelegate : Finished Spring Data repository scanning in 10ms. Found 0 JDBC repository interfaces.
2022-03-21 14:02:09.758  INFO 28680 --- [    Test worker] o.s.b.w.embedded.tomcat.TomcatWebServer  : Tomcat initialized with port(s): 0 (http)
2022-03-21 14:02:09.766  INFO 28680 --- [    Test worker] o.apache.catalina.core.StandardService   : Starting service [Tomcat]
2022-03-21 14:02:09.766  INFO 28680 --- [    Test worker] org.apache.catalina.core.StandardEngine  : Starting Servlet engine: [Apache Tomcat/9.0.31]
2022-03-21 14:02:09.866  INFO 28680 --- [    Test worker] o.a.c.c.C.[Tomcat].[localhost].[/]       : Initializing Spring embedded WebApplicationContext
2022-03-21 14:02:09.866  INFO 28680 --- [    Test worker] o.s.web.context.ContextLoader            : Root WebApplicationContext: initialization completed in 875 ms
2022-03-21 14:02:10.692  INFO 28680 --- [    Test worker] liquibase.executor.jvm.JdbcExecutor      : SELECT COUNT(*) FROM public.databasechangeloglock
2022-03-21 14:02:10.694  INFO 28680 --- [    Test worker] liquibase.executor.jvm.JdbcExecutor      : SELECT COUNT(*) FROM public.databasechangeloglock
2022-03-21 14:02:10.695  INFO 28680 --- [    Test worker] liquibase.executor.jvm.JdbcExecutor      : SELECT LOCKED FROM public.databasechangeloglock WHERE ID=1
2022-03-21 14:02:10.702  INFO 28680 --- [    Test worker] l.lockservice.StandardLockService        : Successfully acquired change log lock
2022-03-21 14:02:11.435  INFO 28680 --- [    Test worker] liquibase.executor.jvm.JdbcExecutor      : SELECT MD5SUM FROM public.databasechangelog WHERE MD5SUM IS NOT NULL LIMIT 1
2022-03-21 14:02:11.437  INFO 28680 --- [    Test worker] liquibase.executor.jvm.JdbcExecutor      : SELECT COUNT(*) FROM public.databasechangelog
2022-03-21 14:02:11.437  INFO 28680 --- [    Test worker] l.c.StandardChangeLogHistoryService      : Reading from public.databasechangelog
2022-03-21 14:02:11.439  INFO 28680 --- [    Test worker] liquibase.executor.jvm.JdbcExecutor      : SELECT * FROM public.databasechangelog ORDER BY DATEEXECUTED ASC, ORDEREXECUTED ASC
2022-03-21 14:02:11.454  INFO 28680 --- [    Test worker] l.lockservice.StandardLockService        : Successfully released change log lock
2022-03-21 14:02:11.464  INFO 28680 --- [    Test worker] c.r.d.i.c.DatasourceConfiguration        : Informações da conexão: 
jdbc:postgresql://localhost:5432/4beeFopagCoopTest
2022-03-21 14:02:11.476  INFO 28680 --- [    Test worker] c.r.d.i.c.DatasourceConfiguration        : Informações da conexão: 
jdbc:postgresql://10.1.80.123:5432/4beeFopagUtilitariosDev
2022-03-21 14:02:11.732  INFO 28680 --- [    Test worker] o.s.s.concurrent.ThreadPoolTaskExecutor  : Initializing ExecutorService 'applicationTaskExecutor'
2022-03-21 14:02:12.017  INFO 28680 --- [    Test worker] o.a.c.c.C.[Tomcat].[localhost].[/]       : Initializing Spring TestDispatcherServlet ''
2022-03-21 14:02:12.017  INFO 28680 --- [    Test worker] o.s.t.web.servlet.TestDispatcherServlet  : Initializing Servlet ''
2022-03-21 14:02:12.029  INFO 28680 --- [    Test worker] o.s.t.web.servlet.TestDispatcherServlet  : Completed initialization in 12 ms
2022-03-21 14:02:12.190  INFO 28680 --- [    Test worker] o.s.b.w.embedded.tomcat.TomcatWebServer  : Tomcat started on port(s): 59163 (http) with context path ''
2022-03-21 14:02:12.193  INFO 28680 --- [    Test worker] c.r.d.a.c.RequisicaoControllerTest       : Started RequisicaoControllerTest in 3.63 seconds (JVM running for 4.388)
2022-03-21 14:02:12.195  INFO 28680 --- [    Test worker] f.a.AutowiredAnnotationBeanPostProcessor : Autowired annotation is not supported on static fields: public static javax.sql.DataSource com.rodrigo.dummymigrationliquibase.api.controller.RequisicaoControllerTest.dataSource
]]></system-out>
  <system-err><![CDATA[]]></system-err>
</testsuite>
